<?xml version="1.0" encoding="UTF-8" ?>
<testsuite tests="19" failures="0" name="com.mks.mvc.core.exc.GeneralCMFExceptionTest" time="0" errors="0" skipped="0">
  <properties>
    <property name="java.runtime.name" value="Java(TM) SE Runtime Environment"/>
    <property name="sun.boot.library.path" value="C:\Program Files\Java\jdk1.8.0_111\jre\bin"/>
    <property name="java.vm.version" value="25.111-b14"/>
    <property name="java.vm.vendor" value="Oracle Corporation"/>
    <property name="maven.multiModuleProjectDirectory" value="C:\CMS\MKS-GIT-HUB\git\mks\mvc-platform"/>
    <property name="java.vendor.url" value="http://java.oracle.com/"/>
    <property name="path.separator" value=";"/>
    <property name="guice.disable.misplaced.annotation.check" value="true"/>
    <property name="java.vm.name" value="Java HotSpot(TM) 64-Bit Server VM"/>
    <property name="file.encoding.pkg" value="sun.io"/>
    <property name="user.script" value=""/>
    <property name="user.country" value="US"/>
    <property name="sun.java.launcher" value="SUN_STANDARD"/>
    <property name="sun.os.patch.level" value="Service Pack 1"/>
    <property name="java.vm.specification.name" value="Java Virtual Machine Specification"/>
    <property name="user.dir" value="C:\CMS\MKS-GIT-HUB\git\mks\mvc-platform"/>
    <property name="java.runtime.version" value="1.8.0_111-b14"/>
    <property name="java.awt.graphicsenv" value="sun.awt.Win32GraphicsEnvironment"/>
    <property name="java.endorsed.dirs" value="C:\Program Files\Java\jdk1.8.0_111\jre\lib\endorsed"/>
    <property name="os.arch" value="amd64"/>
    <property name="java.io.tmpdir" value="C:\Users\KARTHI~1.MUT\AppData\Local\Temp\"/>
    <property name="line.separator" value="
"/>
    <property name="java.vm.specification.vendor" value="Oracle Corporation"/>
    <property name="user.variant" value=""/>
    <property name="os.name" value="Windows 7"/>
    <property name="classworlds.conf" value="C:\CMS\MKS-GIT-HUB\git\mks\.metadata\.plugins\org.eclipse.m2e.launching\launches\m2conf3066218658789037577.tmp"/>
    <property name="sun.jnu.encoding" value="Cp1252"/>
    <property name="java.library.path" value="C:\Program Files\Java\jdk1.8.0_111\bin;C:\windows\Sun\Java\bin;C:\windows\system32;C:\windows;C:\ProgramData\Oracle\Java\javapath;C:\windows\system32;C:\windows;C:\windows\System32\Wbem;C:\windows\System32\WindowsPowerShell\v1.0\;C:\Program Files\Symantec\Symantec Endpoint Encryption Clients\;C:\Program Files\Java\jdk1.8.0_111\bin;.;C:\Program Files\TortoiseGit\bin;C:\Program Files (x86)\WebEx\Productivity Tools;c:\Program Files (x86)\Microsoft SQL Server\110\Tools\Binn\ManagementStudio\;c:\Program Files (x86)\Microsoft SQL Server\110\Tools\Binn\;c:\Program Files\Microsoft SQL Server\110\Tools\Binn\;c:\Program Files (x86)\Microsoft SQL Server\110\DTS\Binn\;C:\Program Files (x86)\WebEx\PTools020000000;C:\Program Files\nodejs;C:\Program Files\Intel\WiFi\bin\;C:\Program Files\Common Files\Intel\WirelessCommon\;C:\sonarqube\sonar-scanner-3.0.3.778-windows\bin;SONAR-RUNNER-HOME\bin;.;C:\ProgramData\Oracle\Java\javapath;C:\windows\system32;C:\windows;C:\windows\System32\Wbem;C:\windows\System32\WindowsPowerShell\v1.0\;C:\Program Files\Symantec\Symantec Endpoint Encryption Clients\;C:\Program Files\Java\jdk1.8.0_111\bin;.;C:\Program Files\TortoiseGit\bin;C:\Users\karthik.muthyam\AppData\Local\Programs\Git\cmd;C:\Users\karthik.muthyam\AppData\Roaming\npm:C:\Program Files\nodejs;C:\Users\karthik.muthyam\AppData\Local\GitHubDesktop\bin;C:\sonarqube\sonar-scanner-3.0.3.778-windows\bin;.;;."/>
    <property name="java.specification.name" value="Java Platform API Specification"/>
    <property name="java.class.version" value="52.0"/>
    <property name="sun.management.compiler" value="HotSpot 64-Bit Tiered Compilers"/>
    <property name="os.version" value="6.1"/>
    <property name="user.home" value="C:\Users\karthik.muthyam"/>
    <property name="user.timezone" value="Asia/Calcutta"/>
    <property name="java.awt.printerjob" value="sun.awt.windows.WPrinterJob"/>
    <property name="java.specification.version" value="1.8"/>
    <property name="file.encoding" value="Cp1252"/>
    <property name="user.name" value="karthik.muthyam"/>
    <property name="java.class.path" value="/C:/CMS/SOFTWARE/spring/sts-bundle/sts-3.8.3.RELEASE/plugins/org.eclipse.m2e.maven.runtime_1.7.0.20160603-1931/jars/plexus-classworlds-2.5.2.jar"/>
    <property name="java.vm.specification.version" value="1.8"/>
    <property name="sun.arch.data.model" value="64"/>
    <property name="java.home" value="C:\Program Files\Java\jdk1.8.0_111\jre"/>
    <property name="sun.java.command" value="org.codehaus.plexus.classworlds.launcher.Launcher -B install"/>
    <property name="java.specification.vendor" value="Oracle Corporation"/>
    <property name="user.language" value="en"/>
    <property name="awt.toolkit" value="sun.awt.windows.WToolkit"/>
    <property name="java.vm.info" value="mixed mode"/>
    <property name="java.version" value="1.8.0_111"/>
    <property name="java.ext.dirs" value="C:\Program Files\Java\jdk1.8.0_111\jre\lib\ext;C:\windows\Sun\Java\lib\ext"/>
    <property name="sun.boot.class.path" value="C:\Program Files\Java\jdk1.8.0_111\jre\lib\resources.jar;C:\Program Files\Java\jdk1.8.0_111\jre\lib\rt.jar;C:\Program Files\Java\jdk1.8.0_111\jre\lib\sunrsasign.jar;C:\Program Files\Java\jdk1.8.0_111\jre\lib\jsse.jar;C:\Program Files\Java\jdk1.8.0_111\jre\lib\jce.jar;C:\Program Files\Java\jdk1.8.0_111\jre\lib\charsets.jar;C:\Program Files\Java\jdk1.8.0_111\jre\lib\jfr.jar;C:\Program Files\Java\jdk1.8.0_111\jre\classes"/>
    <property name="java.vendor" value="Oracle Corporation"/>
    <property name="maven.home" value="C:\CMS\MKS-GIT-HUB\git\mks\mvc-platform\EMBEDDED"/>
    <property name="file.separator" value="\"/>
    <property name="java.vendor.url.bug" value="http://bugreport.sun.com/bugreport/"/>
    <property name="sun.cpu.endian" value="little"/>
    <property name="sun.io.unicode.encoding" value="UnicodeLittle"/>
    <property name="sun.desktop" value="windows"/>
    <property name="sun.cpu.isalist" value="amd64"/>
  </properties>
  <testcase classname="com.mks.mvc.core.exc.GeneralCMFExceptionTest" name="GeneralCMFExceptionWithRejectionsAsParameter" time="0"/>
  <testcase classname="com.mks.mvc.core.exc.GeneralCMFExceptionTest" name="GeneralCMFExceptionWithRejections" time="0"/>
  <testcase classname="com.mks.mvc.core.exc.GeneralCMFExceptionTest" name="toStringFunctionalityWhenTechnicalDetailsNotNull" time="0"/>
  <testcase classname="com.mks.mvc.core.exc.GeneralCMFExceptionTest" name="getComponent" time="0"/>
  <testcase classname="com.mks.mvc.core.exc.GeneralCMFExceptionTest" name="GeneralCMFExceptionWithNormalParameters" time="0"/>
  <testcase classname="com.mks.mvc.core.exc.GeneralCMFExceptionTest" name="toStringFunctionalityWhenCauseIsNotNull" time="0"/>
  <testcase classname="com.mks.mvc.core.exc.GeneralCMFExceptionTest" name="getRejections" time="0"/>
  <testcase classname="com.mks.mvc.core.exc.GeneralCMFExceptionTest" name="GeneralCMFExceptionWithThreeParameters" time="0"/>
  <testcase classname="com.mks.mvc.core.exc.GeneralCMFExceptionTest" name="GeneralCMFExceptionWithRejectionsAndTechDetails" time="0"/>
  <testcase classname="com.mks.mvc.core.exc.GeneralCMFExceptionTest" name="GeneralCMFExceptionWithFourParameters" time="0"/>
  <testcase classname="com.mks.mvc.core.exc.GeneralCMFExceptionTest" name="getCode" time="0"/>
  <testcase classname="com.mks.mvc.core.exc.GeneralCMFExceptionTest" name="getTimestamp" time="0"/>
  <testcase classname="com.mks.mvc.core.exc.GeneralCMFExceptionTest" name="GeneralCMFExceptionDefaultConstructor" time="0"/>
  <testcase classname="com.mks.mvc.core.exc.GeneralCMFExceptionTest" name="getTechnicalDetails" time="0"/>
  <testcase classname="com.mks.mvc.core.exc.GeneralCMFExceptionTest" name="GeneralCMFExceptionWithTwoParameters" time="0"/>
  <testcase classname="com.mks.mvc.core.exc.GeneralCMFExceptionTest" name="toStringFunctionalityWhenCodeAndMessageIsNull" time="0"/>
  <testcase classname="com.mks.mvc.core.exc.GeneralCMFExceptionTest" name="GeneralCMFExceptionWithRejectionsAsParameterWithException" time="0"/>
  <testcase classname="com.mks.mvc.core.exc.GeneralCMFExceptionTest" name="getMessage" time="0"/>
  <testcase classname="com.mks.mvc.core.exc.GeneralCMFExceptionTest" name="toStringFunctionality" time="0"/>
</testsuite>